  [1m[35m (2248.1ms)[0m  [1m[35mCREATE DATABASE "dating_app_api_development" ENCODING = 'unicode'[0m
  [1m[35m (3292.0ms)[0m  [1m[35mCREATE DATABASE "dating_app_api_test" ENCODING = 'unicode'[0m
  [1m[35m (119.1ms)[0m  [1m[35mCREATE TABLE "schema_migrations" ("version" character varying NOT NULL PRIMARY KEY)[0m
  [1m[35m (88.9ms)[0m  [1m[35mCREATE TABLE "ar_internal_metadata" ("key" character varying NOT NULL PRIMARY KEY, "value" character varying, "created_at" timestamp(6) NOT NULL, "updated_at" timestamp(6) NOT NULL)[0m
  [1m[35m (0.4ms)[0m  [1m[34mSELECT pg_try_advisory_lock(1722971123778292395)[0m
  [1m[35m (0.6ms)[0m  [1m[34mSELECT "schema_migrations"."version" FROM "schema_migrations" ORDER BY "schema_migrations"."version" ASC[0m
Migrating to CreateUsers (20200921211300)
  [1m[35m (0.3ms)[0m  [1m[35mBEGIN[0m
  [1m[35m (143.1ms)[0m  [1m[35mCREATE TABLE "users" ("id" bigserial primary key, "name" character varying, "starsign" character varying, "age" integer, "img" character varying, "ltl" boolean, "created_at" timestamp(6) NOT NULL, "updated_at" timestamp(6) NOT NULL)[0m
  [1m[36mprimary::SchemaMigration Create (0.8ms)[0m  [1m[32mINSERT INTO "schema_migrations" ("version") VALUES ($1) RETURNING "version"[0m  [["version", "20200921211300"]]
  [1m[35m (41.5ms)[0m  [1m[35mCOMMIT[0m
  [1m[36mActiveRecord::InternalMetadata Load (0.6ms)[0m  [1m[34mSELECT "ar_internal_metadata".* FROM "ar_internal_metadata" WHERE "ar_internal_metadata"."key" = $1 LIMIT $2[0m  [["key", "environment"], ["LIMIT", 1]]
  [1m[35m (0.2ms)[0m  [1m[35mBEGIN[0m
  [1m[36mActiveRecord::InternalMetadata Create (27.6ms)[0m  [1m[32mINSERT INTO "ar_internal_metadata" ("key", "value", "created_at", "updated_at") VALUES ($1, $2, $3, $4) RETURNING "key"[0m  [["key", "environment"], ["value", "development"], ["created_at", "2020-09-21 21:14:30.329573"], ["updated_at", "2020-09-21 21:14:30.329573"]]
  [1m[35m (26.2ms)[0m  [1m[35mCOMMIT[0m
  [1m[35m (0.5ms)[0m  [1m[34mSELECT pg_advisory_unlock(1722971123778292395)[0m
  [1m[35m (0.7ms)[0m  [1m[34mSELECT "schema_migrations"."version" FROM "schema_migrations" ORDER BY "schema_migrations"."version" ASC[0m
  [1m[35m (0.9ms)[0m  [1m[34mSELECT "schema_migrations"."version" FROM "schema_migrations" ORDER BY "schema_migrations"."version" ASC[0m
  [1m[35m (0.1ms)[0m  [1m[35mBEGIN[0m
  [1m[36mUser Create (1.0ms)[0m  [1m[32mINSERT INTO "users" ("name", "starsign", "age", "img", "ltl", "created_at", "updated_at") VALUES ($1, $2, $3, $4, $5, $6, $7) RETURNING "id"[0m  [["name", "Ryan Gosling"], ["starsign", "Scorpio"], ["age", 35], ["img", "http://coolspotters.com/files/photos/591533/ryan-gosling-large.jpg?1357449177"], ["ltl", true], ["created_at", "2020-09-21 21:15:03.314710"], ["updated_at", "2020-09-21 21:15:03.314710"]]
  [1m[35m (15.2ms)[0m  [1m[35mCOMMIT[0m
  [1m[35m (0.2ms)[0m  [1m[35mBEGIN[0m
  [1m[36mUser Create (0.5ms)[0m  [1m[32mINSERT INTO "users" ("name", "starsign", "age", "img", "ltl", "created_at", "updated_at") VALUES ($1, $2, $3, $4, $5, $6, $7) RETURNING "id"[0m  [["name", " Hypatia of Alexandria  "], ["starsign", "Aries"], ["age", 1700], ["img", "http://static1.squarespace.com/static/53e031f1e4b088c3aac80e47/t/5636ebf1e4b0683b6c56cb43/1446440030277/hypatia.jpg"], ["ltl", true], ["created_at", "2020-09-21 21:15:03.336503"], ["updated_at", "2020-09-21 21:15:03.336503"]]
  [1m[35m (11.2ms)[0m  [1m[35mCOMMIT[0m
  [1m[35m (0.2ms)[0m  [1m[35mBEGIN[0m
  [1m[36mUser Create (0.5ms)[0m  [1m[32mINSERT INTO "users" ("name", "starsign", "age", "img", "ltl", "created_at", "updated_at") VALUES ($1, $2, $3, $4, $5, $6, $7) RETURNING "id"[0m  [["name", "Hogan"], ["starsign", "Libra"], ["age", 40], ["img", "http://myfivebest.com/wp-content/uploads/2010/10/crime_crane.jpg"], ["ltl", true], ["created_at", "2020-09-21 21:15:03.353406"], ["updated_at", "2020-09-21 21:15:03.353406"]]
  [1m[35m (19.1ms)[0m  [1m[35mCOMMIT[0m
  [1m[35m (0.3ms)[0m  [1m[35mBEGIN[0m
  [1m[36mUser Create (0.6ms)[0m  [1m[32mINSERT INTO "users" ("name", "starsign", "age", "img", "ltl", "created_at", "updated_at") VALUES ($1, $2, $3, $4, $5, $6, $7) RETURNING "id"[0m  [["name", "Lumpy Space Princess"], ["starsign", "Virgo"], ["age", 29], ["img", "http://i0.wp.com/www.drawcentral.com/wp-content/uploads/2013/03/Lumpy-Space-Princess.jpg?resize=150%2C150"], ["ltl", true], ["created_at", "2020-09-21 21:15:03.382007"], ["updated_at", "2020-09-21 21:15:03.382007"]]
  [1m[35m (17.4ms)[0m  [1m[35mCOMMIT[0m
  [1m[35m (0.2ms)[0m  [1m[35mBEGIN[0m
  [1m[36mUser Create (0.5ms)[0m  [1m[32mINSERT INTO "users" ("name", "starsign", "age", "img", "ltl", "created_at", "updated_at") VALUES ($1, $2, $3, $4, $5, $6, $7) RETURNING "id"[0m  [["name", "Idris Elba"], ["starsign", "Virgo"], ["age", 43], ["img", "http://www.ramascreen.com/wp-content/uploads/2015/01/Idris-Elba-Luther-150x150.jpg"], ["ltl", true], ["created_at", "2020-09-21 21:15:03.408794"], ["updated_at", "2020-09-21 21:15:03.408794"]]
  [1m[35m (20.9ms)[0m  [1m[35mCOMMIT[0m
  [1m[35m (0.2ms)[0m  [1m[35mBEGIN[0m
  [1m[36mUser Create (0.5ms)[0m  [1m[32mINSERT INTO "users" ("name", "starsign", "age", "img", "ltl", "created_at", "updated_at") VALUES ($1, $2, $3, $4, $5, $6, $7) RETURNING "id"[0m  [["name", "The Trash Heap of Fraggle Rock"], ["starsign", "Taurus"], ["age", 1000], ["img", "http://www.toughpigs.com/wp-content/uploads/2009/12/trasheap-150x150.jpg"], ["ltl", false], ["created_at", "2020-09-21 21:15:03.437770"], ["updated_at", "2020-09-21 21:15:03.437770"]]
  [1m[35m (18.8ms)[0m  [1m[35mCOMMIT[0m
  [1m[35m (0.2ms)[0m  [1m[35mBEGIN[0m
  [1m[36mUser Create (0.4ms)[0m  [1m[32mINSERT INTO "users" ("name", "starsign", "age", "img", "ltl", "created_at", "updated_at") VALUES ($1, $2, $3, $4, $5, $6, $7) RETURNING "id"[0m  [["name", "Guy Guy"], ["starsign", "Gemni"], ["age", 60], ["img", "https://s-media-cache-ak0.pinimg.com/236x/03/d1/53/03d153c14b49a88cab97d58a5bedb6e8.jpg"], ["ltl", false], ["created_at", "2020-09-21 21:15:03.465109"], ["updated_at", "2020-09-21 21:15:03.465109"]]
  [1m[35m (10.3ms)[0m  [1m[35mCOMMIT[0m
  [1m[35m (0.2ms)[0m  [1m[35mBEGIN[0m
  [1m[36mUser Create (0.5ms)[0m  [1m[32mINSERT INTO "users" ("name", "starsign", "age", "img", "ltl", "created_at", "updated_at") VALUES ($1, $2, $3, $4, $5, $6, $7) RETURNING "id"[0m  [["name", "Raisin"], ["starsign", "Gemni"], ["age", 20], ["img", "http://cdn.lifeinthefastlane.com/wp-content/uploads/2010/09/raisin.jpg"], ["ltl", false], ["created_at", "2020-09-21 21:15:03.481235"], ["updated_at", "2020-09-21 21:15:03.481235"]]
  [1m[35m (19.7ms)[0m  [1m[35mCOMMIT[0m
  [1m[35m (0.2ms)[0m  [1m[35mBEGIN[0m
  [1m[36mUser Create (0.9ms)[0m  [1m[32mINSERT INTO "users" ("name", "starsign", "age", "img", "ltl", "created_at", "updated_at") VALUES ($1, $2, $3, $4, $5, $6, $7) RETURNING "id"[0m  [["name", "Jim"], ["starsign", "Leo"], ["age", 49], ["img", "http://www.argylejournal.com/wp-content/uploads/2012/10/Jim-Ellinghausen-e1349993531939-150x150.jpg"], ["ltl", false], ["created_at", "2020-09-21 21:15:03.509978"], ["updated_at", "2020-09-21 21:15:03.509978"]]
  [1m[35m (18.1ms)[0m  [1m[35mCOMMIT[0m
  [1m[35m (0.1ms)[0m  [1m[35mBEGIN[0m
  [1m[36mUser Create (0.4ms)[0m  [1m[32mINSERT INTO "users" ("name", "starsign", "age", "img", "ltl", "created_at", "updated_at") VALUES ($1, $2, $3, $4, $5, $6, $7) RETURNING "id"[0m  [["name", "Muttley"], ["starsign", "Capricorn"], ["age", 2], ["img", "http://gifrific.com/wp-content/uploads/2012/08/Cartoon-Character-Mutley-Laughing-150x150.gif"], ["ltl", true], ["created_at", "2020-09-21 21:15:03.536115"], ["updated_at", "2020-09-21 21:15:03.536115"]]
  [1m[35m (16.0ms)[0m  [1m[35mCOMMIT[0m
  [1m[35m (0.2ms)[0m  [1m[35mBEGIN[0m
  [1m[36mUser Create (0.7ms)[0m  [1m[32mINSERT INTO "users" ("name", "starsign", "age", "img", "ltl", "created_at", "updated_at") VALUES ($1, $2, $3, $4, $5, $6, $7) RETURNING "id"[0m  [["name", "Slimer"], ["starsign", "Pisces"], ["age", 90], ["img", "http://orig13.deviantart.net/ef48/f/2014/309/1/5/slimer_by_bbjeg-d85exys.png"], ["ltl", true], ["created_at", "2020-09-21 21:15:03.565555"], ["updated_at", "2020-09-21 21:15:03.565555"]]
  [1m[35m (19.4ms)[0m  [1m[35mCOMMIT[0m
  [1m[35m (0.2ms)[0m  [1m[35mBEGIN[0m
  [1m[36mUser Create (0.4ms)[0m  [1m[32mINSERT INTO "users" ("name", "starsign", "age", "img", "ltl", "created_at", "updated_at") VALUES ($1, $2, $3, $4, $5, $6, $7) RETURNING "id"[0m  [["name", "Mist"], ["starsign", "Aquarius"], ["age", 340000], ["img", "http://www.kidthesaurus.com/wp-content/uploads/2015/07/mist-150x150.jpg"], ["ltl", true], ["created_at", "2020-09-21 21:15:03.593066"], ["updated_at", "2020-09-21 21:15:03.593066"]]
  [1m[35m (10.4ms)[0m  [1m[35mCOMMIT[0m
  [1m[35m (0.1ms)[0m  [1m[35mBEGIN[0m
  [1m[36mUser Create (0.5ms)[0m  [1m[32mINSERT INTO "users" ("name", "starsign", "age", "img", "ltl", "created_at", "updated_at") VALUES ($1, $2, $3, $4, $5, $6, $7) RETURNING "id"[0m  [["name", "Ching Shih"], ["starsign", "Sagittarius"], ["age", 340000], ["img", "http://treehouseletter.com/wp-content/uploads/2015/04/Ching-Shih-150x150.jpg"], ["ltl", true], ["created_at", "2020-09-21 21:15:03.609707"], ["updated_at", "2020-09-21 21:15:03.609707"]]
  [1m[35m (20.2ms)[0m  [1m[35mCOMMIT[0m
  [1m[35m (0.2ms)[0m  [1m[35mBEGIN[0m
  [1m[36mUser Create (0.5ms)[0m  [1m[32mINSERT INTO "users" ("name", "starsign", "age", "img", "ltl", "created_at", "updated_at") VALUES ($1, $2, $3, $4, $5, $6, $7) RETURNING "id"[0m  [["name", "Galadriel"], ["starsign", "Sagittarius"], ["age", 7045], ["img", "http://nerdbastards.com/wp-content/uploads/2015/12/Galadriel-and-Phial-150x150.jpg"], ["ltl", true], ["created_at", "2020-09-21 21:15:03.637975"], ["updated_at", "2020-09-21 21:15:03.637975"]]
  [1m[35m (20.3ms)[0m  [1m[35mCOMMIT[0m
  [1m[35m (0.4ms)[0m  [1m[35mBEGIN[0m
  [1m[36mUser Create (0.5ms)[0m  [1m[32mINSERT INTO "users" ("name", "starsign", "age", "img", "ltl", "created_at", "updated_at") VALUES ($1, $2, $3, $4, $5, $6, $7) RETURNING "id"[0m  [["name", "Skeletor"], ["starsign", "Cancer"], ["age", 19], ["img", "http://www.shwiggie.com/media/images/skeletor-smirk.jpg"], ["ltl", true], ["created_at", "2020-09-21 21:15:03.666787"], ["updated_at", "2020-09-21 21:15:03.666787"]]
  [1m[35m (20.0ms)[0m  [1m[35mCOMMIT[0m
  [1m[35m (0.2ms)[0m  [1m[35mBEGIN[0m
  [1m[36mUser Create (0.5ms)[0m  [1m[32mINSERT INTO "users" ("name", "starsign", "age", "img", "ltl", "created_at", "updated_at") VALUES ($1, $2, $3, $4, $5, $6, $7) RETURNING "id"[0m  [["name", "Sauron"], ["starsign", "Taurus"], ["age", 198], ["img", "http://ia.media-imdb.com/images/M/MV5BMTc0Njk5NDQwNl5BMl5BanBnXkFtZTYwNTU3NTky._V1_SX150_CR0,0,150,150_.jpg"], ["ltl", false], ["created_at", "2020-09-21 21:15:03.693438"], ["updated_at", "2020-09-21 21:15:03.693438"]]
  [1m[35m (21.3ms)[0m  [1m[35mCOMMIT[0m
Started GET "/users" for ::1 at 2020-09-21 17:18:43 -0400
  [1m[35m (0.9ms)[0m  [1m[34mSELECT "schema_migrations"."version" FROM "schema_migrations" ORDER BY "schema_migrations"."version" ASC[0m
Processing by UsersController#index as HTML
  [1m[36mUser Load (0.8ms)[0m  [1m[34mSELECT "users".* FROM "users"[0m
  ↳ app/controllers/users_controller.rb:8:in `index'
Completed 200 OK in 30ms (Views: 20.8ms | ActiveRecord: 7.4ms | Allocations: 8176)


Started GET "/" for ::1 at 2020-09-21 17:41:32 -0400
Processing by Rails::WelcomeController#index as HTML
  Rendering /home/skoliro/.rbenv/versions/2.7.1/lib/ruby/gems/2.7.0/gems/railties-6.0.3.3/lib/rails/templates/rails/welcome/index.html.erb
  Rendered /home/skoliro/.rbenv/versions/2.7.1/lib/ruby/gems/2.7.0/gems/railties-6.0.3.3/lib/rails/templates/rails/welcome/index.html.erb (Duration: 99.6ms | Allocations: 407)
Completed 200 OK in 1016ms (Views: 147.3ms | ActiveRecord: 0.0ms | Allocations: 2236)


Started GET "/users" for ::1 at 2020-09-21 19:01:55 -0400
  [1m[35m (0.9ms)[0m  [1m[34mSELECT "schema_migrations"."version" FROM "schema_migrations" ORDER BY "schema_migrations"."version" ASC[0m
Processing by UsersController#index as */*
  [1m[36mUser Load (3.0ms)[0m  [1m[34mSELECT "users".* FROM "users"[0m
  ↳ app/controllers/users_controller.rb:8:in `index'
Completed 200 OK in 30ms (Views: 18.6ms | ActiveRecord: 9.9ms | Allocations: 8178)


Started GET "/users" for ::1 at 2020-09-21 19:17:48 -0400
Processing by UsersController#index as */*
  [1m[36mUser Load (68.8ms)[0m  [1m[34mSELECT "users".* FROM "users"[0m
  ↳ app/controllers/users_controller.rb:8:in `index'
Completed 200 OK in 157ms (Views: 87.3ms | ActiveRecord: 68.8ms | Allocations: 3124)


Started GET "/users" for ::1 at 2020-09-21 19:33:44 -0400
Processing by UsersController#index as */*
  [1m[36mUser Load (37.0ms)[0m  [1m[34mSELECT "users".* FROM "users"[0m
  ↳ app/controllers/users_controller.rb:8:in `index'
Completed 200 OK in 47ms (Views: 9.6ms | ActiveRecord: 37.0ms | Allocations: 3123)


Started GET "/users" for ::1 at 2020-09-21 19:39:20 -0400
Processing by UsersController#index as */*
  [1m[36mUser Load (1.6ms)[0m  [1m[34mSELECT "users".* FROM "users"[0m
  ↳ app/controllers/users_controller.rb:8:in `index'
Completed 200 OK in 76ms (Views: 73.7ms | ActiveRecord: 1.6ms | Allocations: 3124)


Started GET "/users" for ::1 at 2020-09-21 19:40:27 -0400
Processing by UsersController#index as */*
  [1m[36mUser Load (1.2ms)[0m  [1m[34mSELECT "users".* FROM "users"[0m
  ↳ app/controllers/users_controller.rb:8:in `index'
Completed 200 OK in 7ms (Views: 5.4ms | ActiveRecord: 1.2ms | Allocations: 3013)


Started GET "/users" for ::1 at 2020-09-21 19:40:50 -0400
Processing by UsersController#index as */*
  [1m[36mUser Load (0.5ms)[0m  [1m[34mSELECT "users".* FROM "users"[0m
  ↳ app/controllers/users_controller.rb:8:in `index'
Completed 200 OK in 7ms (Views: 6.2ms | ActiveRecord: 0.5ms | Allocations: 2995)


Started GET "/users" for ::1 at 2020-09-21 19:40:50 -0400
Processing by UsersController#index as */*
  [1m[36mUser Load (0.4ms)[0m  [1m[34mSELECT "users".* FROM "users"[0m
  ↳ app/controllers/users_controller.rb:8:in `index'
Completed 200 OK in 8ms (Views: 7.1ms | ActiveRecord: 0.4ms | Allocations: 2995)


Started GET "/users" for ::1 at 2020-09-21 19:41:16 -0400
Processing by UsersController#index as */*
  [1m[36mUser Load (0.7ms)[0m  [1m[34mSELECT "users".* FROM "users"[0m
  ↳ app/controllers/users_controller.rb:8:in `index'
Completed 200 OK in 11ms (Views: 9.3ms | ActiveRecord: 0.7ms | Allocations: 2995)


Started GET "/users" for ::1 at 2020-09-21 19:41:16 -0400
Processing by UsersController#index as */*
  [1m[36mUser Load (0.4ms)[0m  [1m[34mSELECT "users".* FROM "users"[0m
  ↳ app/controllers/users_controller.rb:8:in `index'
Completed 200 OK in 9ms (Views: 8.3ms | ActiveRecord: 0.4ms | Allocations: 2995)


Started GET "/users" for ::1 at 2020-09-21 19:41:31 -0400
Processing by UsersController#index as */*
  [1m[36mUser Load (0.5ms)[0m  [1m[34mSELECT "users".* FROM "users"[0m
  ↳ app/controllers/users_controller.rb:8:in `index'
Completed 200 OK in 7ms (Views: 6.3ms | ActiveRecord: 0.5ms | Allocations: 2995)


Started GET "/users" for ::1 at 2020-09-21 19:41:31 -0400
Processing by UsersController#index as */*
  [1m[36mUser Load (0.8ms)[0m  [1m[34mSELECT "users".* FROM "users"[0m
  ↳ app/controllers/users_controller.rb:8:in `index'
Completed 200 OK in 64ms (Views: 62.7ms | ActiveRecord: 0.8ms | Allocations: 2995)


Started GET "/users" for ::1 at 2020-09-21 19:41:32 -0400
Processing by UsersController#index as */*
  [1m[36mUser Load (0.5ms)[0m  [1m[34mSELECT "users".* FROM "users"[0m
  ↳ app/controllers/users_controller.rb:8:in `index'
Completed 200 OK in 13ms (Views: 11.6ms | ActiveRecord: 0.5ms | Allocations: 2995)


Started GET "/users" for ::1 at 2020-09-21 19:41:32 -0400
Processing by UsersController#index as */*
  [1m[36mUser Load (0.4ms)[0m  [1m[34mSELECT "users".* FROM "users"[0m
  ↳ app/controllers/users_controller.rb:8:in `index'
Completed 200 OK in 10ms (Views: 9.4ms | ActiveRecord: 0.4ms | Allocations: 2995)


Started GET "/users" for ::1 at 2020-09-21 19:41:33 -0400
Processing by UsersController#index as */*
  [1m[36mUser Load (0.7ms)[0m  [1m[34mSELECT "users".* FROM "users"[0m
  ↳ app/controllers/users_controller.rb:8:in `index'
Completed 200 OK in 8ms (Views: 6.4ms | ActiveRecord: 0.7ms | Allocations: 2995)


Started GET "/users" for ::1 at 2020-09-21 19:41:33 -0400
Processing by UsersController#index as */*
  [1m[36mUser Load (0.4ms)[0m  [1m[34mSELECT "users".* FROM "users"[0m
  ↳ app/controllers/users_controller.rb:8:in `index'
Completed 200 OK in 5ms (Views: 4.1ms | ActiveRecord: 0.4ms | Allocations: 2995)


Started GET "/users" for ::1 at 2020-09-21 19:41:46 -0400
Processing by UsersController#index as */*
  [1m[36mUser Load (0.4ms)[0m  [1m[34mSELECT "users".* FROM "users"[0m
  ↳ app/controllers/users_controller.rb:8:in `index'
Completed 200 OK in 104ms (Views: 103.5ms | ActiveRecord: 0.4ms | Allocations: 2996)


Started GET "/users" for ::1 at 2020-09-21 19:42:35 -0400
Processing by UsersController#index as */*
  [1m[36mUser Load (0.5ms)[0m  [1m[34mSELECT "users".* FROM "users"[0m
  ↳ app/controllers/users_controller.rb:8:in `index'
Completed 200 OK in 9ms (Views: 7.6ms | ActiveRecord: 0.5ms | Allocations: 2995)


Started GET "/users" for ::1 at 2020-09-21 19:42:35 -0400
Processing by UsersController#index as */*
  [1m[36mUser Load (0.5ms)[0m  [1m[34mSELECT "users".* FROM "users"[0m
  ↳ app/controllers/users_controller.rb:8:in `index'
Completed 200 OK in 6ms (Views: 5.0ms | ActiveRecord: 0.5ms | Allocations: 2996)


Started GET "/users" for ::1 at 2020-09-21 19:52:14 -0400
Processing by UsersController#index as */*
  [1m[36mUser Load (1.0ms)[0m  [1m[34mSELECT "users".* FROM "users"[0m
  ↳ app/controllers/users_controller.rb:8:in `index'
Completed 200 OK in 8ms (Views: 6.1ms | ActiveRecord: 1.0ms | Allocations: 3111)


Started GET "/users" for ::1 at 2020-09-21 19:52:14 -0400
Processing by UsersController#index as */*
  [1m[36mUser Load (0.6ms)[0m  [1m[34mSELECT "users".* FROM "users"[0m
  ↳ app/controllers/users_controller.rb:8:in `index'
Completed 200 OK in 7ms (Views: 5.6ms | ActiveRecord: 0.6ms | Allocations: 2996)


Started GET "/users" for ::1 at 2020-09-21 19:52:33 -0400
Processing by UsersController#index as */*
  [1m[36mUser Load (0.8ms)[0m  [1m[34mSELECT "users".* FROM "users"[0m
  ↳ app/controllers/users_controller.rb:8:in `index'
Completed 200 OK in 6ms (Views: 4.5ms | ActiveRecord: 0.8ms | Allocations: 2995)


Started GET "/users" for ::1 at 2020-09-21 19:52:33 -0400
Processing by UsersController#index as */*
  [1m[36mUser Load (0.7ms)[0m  [1m[34mSELECT "users".* FROM "users"[0m
  ↳ app/controllers/users_controller.rb:8:in `index'
Completed 200 OK in 6ms (Views: 5.3ms | ActiveRecord: 0.7ms | Allocations: 2995)


Started GET "/users" for ::1 at 2020-09-21 19:53:16 -0400
Processing by UsersController#index as */*
  [1m[36mUser Load (0.6ms)[0m  [1m[34mSELECT "users".* FROM "users"[0m
  ↳ app/controllers/users_controller.rb:8:in `index'
Completed 200 OK in 10ms (Views: 8.4ms | ActiveRecord: 0.6ms | Allocations: 2995)


Started GET "/users" for ::1 at 2020-09-21 19:53:16 -0400
Processing by UsersController#index as */*
  [1m[36mUser Load (0.6ms)[0m  [1m[34mSELECT "users".* FROM "users"[0m
  ↳ app/controllers/users_controller.rb:8:in `index'
Completed 200 OK in 6ms (Views: 5.4ms | ActiveRecord: 0.6ms | Allocations: 2995)


Started GET "/users" for ::1 at 2020-09-21 20:02:36 -0400
Processing by UsersController#index as */*
  [1m[36mUser Load (1.1ms)[0m  [1m[34mSELECT "users".* FROM "users"[0m
  ↳ app/controllers/users_controller.rb:6:in `index'
Completed 200 OK in 15ms (Views: 0.8ms | ActiveRecord: 1.1ms | Allocations: 5729)


Started GET "/users" for ::1 at 2020-09-21 20:02:37 -0400
Processing by UsersController#index as */*
  [1m[36mUser Load (0.6ms)[0m  [1m[34mSELECT "users".* FROM "users"[0m
  ↳ app/controllers/users_controller.rb:6:in `index'
Completed 200 OK in 15ms (Views: 0.9ms | ActiveRecord: 0.6ms | Allocations: 1230)


Started GET "/users" for ::1 at 2020-09-21 20:03:08 -0400
Processing by UsersController#index as */*
  [1m[36mUser Load (0.3ms)[0m  [1m[34mSELECT "users".* FROM "users"[0m
  ↳ app/controllers/users_controller.rb:6:in `index'
Completed 200 OK in 3ms (Views: 0.9ms | ActiveRecord: 0.3ms | Allocations: 1229)


Started GET "/users" for ::1 at 2020-09-21 20:03:08 -0400
Processing by UsersController#index as */*
  [1m[36mUser Load (0.5ms)[0m  [1m[34mSELECT "users".* FROM "users"[0m
  ↳ app/controllers/users_controller.rb:6:in `index'
Completed 200 OK in 4ms (Views: 1.1ms | ActiveRecord: 0.5ms | Allocations: 1229)


Started GET "/users" for ::1 at 2020-09-21 20:08:37 -0400
Processing by UsersController#index as */*
  [1m[36mUser Load (0.7ms)[0m  [1m[34mSELECT "users".* FROM "users"[0m
  ↳ app/controllers/users_controller.rb:6:in `index'
Completed 200 OK in 5ms (Views: 1.3ms | ActiveRecord: 0.7ms | Allocations: 1228)


Started GET "/users" for ::1 at 2020-09-21 20:08:37 -0400
Processing by UsersController#index as */*
  [1m[36mUser Load (0.9ms)[0m  [1m[34mSELECT "users".* FROM "users"[0m
  ↳ app/controllers/users_controller.rb:6:in `index'
Completed 200 OK in 4ms (Views: 1.0ms | ActiveRecord: 0.9ms | Allocations: 1229)


Started GET "/users" for ::1 at 2020-09-21 20:08:52 -0400
Processing by UsersController#index as */*
  [1m[36mUser Load (0.5ms)[0m  [1m[34mSELECT "users".* FROM "users"[0m
  ↳ app/controllers/users_controller.rb:6:in `index'
Completed 200 OK in 5ms (Views: 1.3ms | ActiveRecord: 0.5ms | Allocations: 1228)


Started GET "/users" for ::1 at 2020-09-21 20:08:52 -0400
Processing by UsersController#index as */*
  [1m[36mUser Load (0.5ms)[0m  [1m[34mSELECT "users".* FROM "users"[0m
  ↳ app/controllers/users_controller.rb:6:in `index'
Completed 200 OK in 4ms (Views: 1.2ms | ActiveRecord: 0.5ms | Allocations: 1228)


Started GET "/users" for ::1 at 2020-09-21 20:48:00 -0400
Processing by UsersController#index as */*
  [1m[36mUser Load (1.1ms)[0m  [1m[34mSELECT "users".* FROM "users"[0m
  ↳ app/controllers/users_controller.rb:6:in `index'
Completed 200 OK in 5ms (Views: 1.0ms | ActiveRecord: 1.1ms | Allocations: 1346)


Started GET "/users" for ::1 at 2020-09-21 20:48:00 -0400
Processing by UsersController#index as */*
  [1m[36mUser Load (0.6ms)[0m  [1m[34mSELECT "users".* FROM "users"[0m
  ↳ app/controllers/users_controller.rb:6:in `index'
Completed 200 OK in 4ms (Views: 1.4ms | ActiveRecord: 0.6ms | Allocations: 1228)


Started GET "/users" for ::1 at 2020-09-21 20:48:00 -0400
Processing by UsersController#index as */*
  [1m[36mUser Load (0.5ms)[0m  [1m[34mSELECT "users".* FROM "users"[0m
  ↳ app/controllers/users_controller.rb:6:in `index'
Completed 200 OK in 4ms (Views: 1.2ms | ActiveRecord: 0.5ms | Allocations: 1229)


Started GET "/users" for ::1 at 2020-09-21 20:55:25 -0400
Processing by UsersController#index as HTML
  [1m[36mUser Load (1.2ms)[0m  [1m[34mSELECT "users".* FROM "users"[0m
  ↳ app/controllers/users_controller.rb:6:in `index'
Completed 200 OK in 18ms (Views: 1.1ms | ActiveRecord: 1.2ms | Allocations: 6382)


Started GET "/users" for ::1 at 2020-09-21 21:01:39 -0400
Processing by UsersController#index as */*
  [1m[36mUser Load (3.9ms)[0m  [1m[34mSELECT "users".* FROM "users"[0m
  ↳ app/controllers/users_controller.rb:6:in `index'
Completed 200 OK in 21ms (Views: 1.9ms | ActiveRecord: 3.9ms | Allocations: 6090)


Started GET "/users" for ::1 at 2020-09-21 21:03:10 -0400
Processing by UsersController#index as HTML
  [1m[36mUser Load (0.5ms)[0m  [1m[34mSELECT "users".* FROM "users"[0m
  ↳ app/controllers/users_controller.rb:6:in `index'
Completed 200 OK in 660ms (Views: 1.7ms | ActiveRecord: 639.8ms | Allocations: 6175)


Started GET "/users" for ::1 at 2020-09-21 21:10:01 -0400
Processing by UsersController#index as */*
  [1m[36mUser Load (9.8ms)[0m  [1m[34mSELECT "users".* FROM "users"[0m
  ↳ app/controllers/users_controller.rb:6:in `index'
Completed 200 OK in 14ms (Views: 1.2ms | ActiveRecord: 9.8ms | Allocations: 1741)


Started GET "/users" for ::1 at 2020-09-21 21:10:52 -0400
Processing by UsersController#index as */*
  [1m[36mUser Load (0.5ms)[0m  [1m[34mSELECT "users".* FROM "users"[0m
  ↳ app/controllers/users_controller.rb:6:in `index'
Completed 200 OK in 5ms (Views: 2.3ms | ActiveRecord: 0.5ms | Allocations: 1626)


Started GET "/users" for ::1 at 2020-09-21 21:16:15 -0400
Processing by UsersController#index as */*
  [1m[36mUser Load (1.1ms)[0m  [1m[34mSELECT "users".* FROM "users"[0m
  ↳ app/controllers/users_controller.rb:6:in `index'
Completed 200 OK in 57ms (Views: 52.7ms | ActiveRecord: 1.1ms | Allocations: 1742)


Started GET "/users" for ::1 at 2020-09-21 21:16:37 -0400
Processing by UsersController#index as */*
  [1m[36mUser Load (0.6ms)[0m  [1m[34mSELECT "users".* FROM "users"[0m
  ↳ app/controllers/users_controller.rb:6:in `index'
Completed 200 OK in 5ms (Views: 1.6ms | ActiveRecord: 0.6ms | Allocations: 1626)


Started GET "/users" for ::1 at 2020-09-21 21:16:43 -0400
Processing by UsersController#index as */*
  [1m[36mUser Load (0.5ms)[0m  [1m[34mSELECT "users".* FROM "users"[0m
  ↳ app/controllers/users_controller.rb:6:in `index'
Completed 200 OK in 6ms (Views: 2.4ms | ActiveRecord: 0.5ms | Allocations: 1625)


Started GET "/users" for ::1 at 2020-09-21 21:25:37 -0400
Processing by UsersController#index as */*
  [1m[36mUser Load (244.6ms)[0m  [1m[34mSELECT "users".* FROM "users"[0m
  ↳ app/controllers/users_controller.rb:6:in `index'
Completed 200 OK in 250ms (Views: 2.4ms | ActiveRecord: 244.6ms | Allocations: 1742)


Started GET "/users" for ::1 at 2020-09-21 21:26:23 -0400
Processing by UsersController#index as */*
  [1m[36mUser Load (0.7ms)[0m  [1m[34mSELECT "users".* FROM "users"[0m
  ↳ app/controllers/users_controller.rb:6:in `index'
Completed 200 OK in 6ms (Views: 2.5ms | ActiveRecord: 0.7ms | Allocations: 1625)


